# JRE version: OpenJDK Runtime Environment (11.0.10) (build 11.0.10+0-b96-7249189)
# Java VM: OpenJDK 64-Bit Server VM (11.0.10+0-b96-7249189, mixed mode, tiered, compressed oops, g1 gc, windows-amd64)
Heap:
 garbage-first heap   total 859136K, used 178827K [0x0000000080000000, 0x0000000100000000)
  region size 1024K, 4 young (4096K), 4 survivors (4096K)
 Metaspace       used 125434K, capacity 128792K, committed 128896K, reserved 1161216K
  class space    used 15478K, capacity 16691K, committed 16768K, reserved 1048576K
GC Heap History (20 events):
Event: 4930.070 GC heap after
{Heap after GC invocations=127 (full 0):
 garbage-first heap   total 326656K, used 173120K [0x0000000080000000, 0x0000000100000000)
  region size 1024K, 3 young (3072K), 3 survivors (3072K)
 Metaspace       used 121918K, capacity 125253K, committed 125440K, reserved 1159168K
  class space    used 15363K, capacity 16612K, committed 16640K, reserved 1048576K
}
Event: 4933.562 GC heap before
{Heap before GC invocations=128 (full 0):
 garbage-first heap   total 326656K, used 243776K [0x0000000080000000, 0x0000000100000000)
  region size 1024K, 59 young (60416K), 3 survivors (3072K)
 Metaspace       used 122046K, capacity 125346K, committed 125440K, reserved 1159168K
  class space    used 15366K, capacity 16617K, committed 16640K, reserved 1048576K
}
Event: 4933.659 GC heap after
{Heap after GC invocations=129 (full 0):
 garbage-first heap   total 326656K, used 193792K [0x0000000080000000, 0x0000000100000000)
  region size 1024K, 8 young (8192K), 8 survivors (8192K)
 Metaspace       used 122046K, capacity 125346K, committed 125440K, reserved 1159168K
  class space    used 15366K, capacity 16617K, committed 16640K, reserved 1048576K
}
Event: 4933.791 GC heap before
{Heap before GC invocations=129 (full 0):
 garbage-first heap   total 326656K, used 205056K [0x0000000080000000, 0x0000000100000000)
  region size 1024K, 15 young (15360K), 8 survivors (8192K)
 Metaspace       used 122057K, capacity 125348K, committed 125440K, reserved 1159168K
  class space    used 15366K, capacity 16617K, committed 16640K, reserved 1048576K
}
Event: 4933.836 GC heap after
{Heap after GC invocations=130 (full 0):
 garbage-first heap   total 326656K, used 195013K [0x0000000080000000, 0x0000000100000000)
  region size 1024K, 2 young (2048K), 2 survivors (2048K)
 Metaspace       used 122057K, capacity 125348K, committed 125440K, reserved 1159168K
  class space    used 15366K, capacity 16617K, committed 16640K, reserved 1048576K
}
Event: 4934.014 GC heap before
{Heap before GC invocations=130 (full 0):
 garbage-first heap   total 326656K, used 226757K [0x0000000080000000, 0x0000000100000000)
  region size 1024K, 34 young (34816K), 2 survivors (2048K)
 Metaspace       used 122085K, capacity 125416K, committed 125440K, reserved 1159168K
  class space    used 15366K, capacity 16617K, committed 16640K, reserved 1048576K
}
Event: 4934.261 GC heap after
{Heap after GC invocations=131 (full 0):
 garbage-first heap   total 600064K, used 201430K [0x0000000080000000, 0x0000000100000000)
  region size 1024K, 7 young (7168K), 7 survivors (7168K)
 Metaspace       used 122085K, capacity 125416K, committed 125440K, reserved 1159168K
  class space    used 15366K, capacity 16617K, committed 16640K, reserved 1048576K
}
Event: 4937.408 GC heap before
{Heap before GC invocations=131 (full 0):
 garbage-first heap   total 600064K, used 286422K [0x0000000080000000, 0x0000000100000000)
  region size 1024K, 83 young (84992K), 7 survivors (7168K)
 Metaspace       used 122233K, capacity 125509K, committed 125696K, reserved 1159168K
  class space    used 15367K, capacity 16617K, committed 16640K, reserved 1048576K
}
Event: 4937.480 GC heap after
{Heap after GC invocations=132 (full 0):
 garbage-first heap   total 600064K, used 214643K [0x0000000080000000, 0x0000000100000000)
  region size 1024K, 11 young (11264K), 11 survivors (11264K)
 Metaspace       used 122233K, capacity 125509K, committed 125696K, reserved 1159168K
  class space    used 15367K, capacity 16617K, committed 16640K, reserved 1048576K
}
Event: 4938.597 GC heap before
{Heap before GC invocations=133 (full 0):
 garbage-first heap   total 600064K, used 232051K [0x0000000080000000, 0x0000000100000000)
  region size 1024K, 29 young (29696K), 11 survivors (11264K)
 Metaspace       used 122279K, capacity 125573K, committed 125696K, reserved 1159168K
  class space    used 15367K, capacity 16617K, committed 16640K, reserved 1048576K
}
Event: 4938.657 GC heap after
{Heap after GC invocations=134 (full 0):
 garbage-first heap   total 600064K, used 215777K [0x0000000080000000, 0x0000000100000000)
  region size 1024K, 2 young (2048K), 2 survivors (2048K)
 Metaspace       used 122279K, capacity 125573K, committed 125696K, reserved 1159168K
  class space    used 15367K, capacity 16617K, committed 16640K, reserved 1048576K
}
Event: 4939.124 GC heap before
{Heap before GC invocations=134 (full 0):
 garbage-first heap   total 600064K, used 230113K [0x0000000080000000, 0x0000000100000000)
  region size 1024K, 17 young (17408K), 2 survivors (2048K)
 Metaspace       used 122473K, capacity 125789K, committed 125952K, reserved 1159168K
  class space    used 15385K, capacity 16618K, committed 16640K, reserved 1048576K
}
Event: 4939.148 GC heap after
{Heap after GC invocations=135 (full 0):
 garbage-first heap   total 600064K, used 215035K [0x0000000080000000, 0x0000000100000000)
  region size 1024K, 1 young (1024K), 1 survivors (1024K)
 Metaspace       used 122473K, capacity 125789K, committed 125952K, reserved 1159168K
  class space    used 15385K, capacity 16618K, committed 16640K, reserved 1048576K
}
Event: 4945.241 GC heap before
{Heap before GC invocations=136 (full 0):
 garbage-first heap   total 600064K, used 278226K [0x0000000080000000, 0x0000000100000000)
  region size 1024K, 50 young (51200K), 1 survivors (1024K)
 Metaspace       used 123135K, capacity 126454K, committed 126720K, reserved 1159168K
  class space    used 15418K, capacity 16626K, committed 16640K, reserved 1048576K
}
Event: 4945.271 GC heap after
{Heap after GC invocations=137 (full 0):
 garbage-first heap   total 600064K, used 217221K [0x0000000080000000, 0x0000000100000000)
  region size 1024K, 6 young (6144K), 6 survivors (6144K)
 Metaspace       used 123135K, capacity 126454K, committed 126720K, reserved 1159168K
  class space    used 15418K, capacity 16626K, committed 16640K, reserved 1048576K
}
Event: 4952.164 GC heap before
{Heap before GC invocations=138 (full 0):
 garbage-first heap   total 600064K, used 290949K [0x0000000080000000, 0x0000000100000000)
  region size 1024K, 108 young (110592K), 6 survivors (6144K)
 Metaspace       used 124529K, capacity 127885K, committed 128128K, reserved 1161216K
  class space    used 15459K, capacity 16653K, committed 16768K, reserved 1048576K
}
Event: 4952.261 GC heap after
{Heap after GC invocations=139 (full 0):
 garbage-first heap   total 600064K, used 191092K [0x0000000080000000, 0x0000000100000000)
  region size 1024K, 13 young (13312K), 13 survivors (13312K)
 Metaspace       used 124529K, capacity 127885K, committed 128128K, reserved 1161216K
  class space    used 15459K, capacity 16653K, committed 16768K, reserved 1048576K
}
Event: 4952.539 GC heap before
{Heap before GC invocations=139 (full 0):
 garbage-first heap   total 600064K, used 207476K [0x0000000080000000, 0x0000000100000000)
  region size 1024K, 29 young (29696K), 13 survivors (13312K)
 Metaspace       used 124751K, capacity 128115K, committed 128384K, reserved 1161216K
  class space    used 15467K, capacity 16685K, committed 16768K, reserved 1048576K
}
Event: 4952.749 GC heap after
{Heap after GC invocations=140 (full 0):
 garbage-first heap   total 600064K, used 177751K [0x0000000080000000, 0x0000000100000000)
  region size 1024K, 3 young (3072K), 3 survivors (3072K)
 Metaspace       used 124751K, capacity 128115K, committed 128384K, reserved 1161216K
  class space    used 15467K, capacity 16685K, committed 16768K, reserved 1048576K
}
Event: 4954.145 GC heap before
{Heap before GC invocations=140 (full 0):
 garbage-first heap   total 600064K, used 228951K [0x0000000080000000, 0x0000000100000000)
  region size 1024K, 54 young (55296K), 3 survivors (3072K)
 Metaspace       used 125434K, capacity 128792K, committed 128896K, reserved 1161216K
  class space    used 15478K, capacity 16691K, committed 16768K, reserved 1048576K
}

